2025-01-11 02:13:49,601 [trainer.py] => Time Str >>> 0111-02-13-49-520
2025-01-11 02:13:49,929 [trainer.py] => prefix: fair
2025-01-11 02:13:49,929 [trainer.py] => dataset: cifar100
2025-01-11 02:13:49,929 [trainer.py] => memory_size: 7400
2025-01-11 02:13:49,929 [trainer.py] => memory_per_class: 20
2025-01-11 02:13:49,929 [trainer.py] => fixed_memory: False
2025-01-11 02:13:49,929 [trainer.py] => shuffle: True
2025-01-11 02:13:49,929 [trainer.py] => init_cls: 10
2025-01-11 02:13:49,929 [trainer.py] => increment: 10
2025-01-11 02:13:49,929 [trainer.py] => model_name: icarl
2025-01-11 02:13:49,929 [trainer.py] => convnet_type: resnet32
2025-01-11 02:13:49,930 [trainer.py] => device: [device(type='cuda', index=2)]
2025-01-11 02:13:49,930 [trainer.py] => seed: 1993
2025-01-11 02:13:49,930 [trainer.py] => debug: False
2025-01-11 02:13:49,930 [trainer.py] => skip: True
2025-01-11 02:13:49,930 [trainer.py] => config: ./exps/icarl.json
2025-01-11 02:13:49,930 [trainer.py] => time_str: 0111-02-13-49-520
2025-01-11 02:13:49,930 [trainer.py] => exp_name: 0111-02-13-49-520_cifar100_resnet32_1993_B0_Inc10
2025-01-11 02:13:49,930 [trainer.py] => logfilename: logs/fair/cifar100/icarl/0111-02-13-49-520_cifar100_resnet32_1993_B0_Inc10
2025-01-11 02:13:49,930 [trainer.py] => csv_name: cifar100_1993_resnet32_B0_Inc10
2025-01-11 02:13:56,215 [data_manager.py] => [68, 56, 78, 8, 23, 84, 90, 65, 74, 76, 40, 89, 3, 92, 55, 9, 26, 80, 43, 38, 58, 70, 77, 1, 85, 19, 17, 50, 28, 53, 13, 81, 45, 82, 6, 59, 83, 16, 15, 44, 91, 41, 72, 60, 79, 52, 20, 10, 31, 54, 37, 95, 14, 71, 96, 98, 97, 2, 64, 66, 42, 22, 35, 86, 24, 34, 87, 21, 99, 0, 88, 27, 18, 94, 11, 12, 47, 25, 30, 46, 62, 69, 36, 61, 7, 63, 75, 5, 32, 4, 51, 48, 73, 93, 39, 67, 29, 49, 57, 33]
2025-01-11 02:13:56,792 [trainer.py] => Start time:1736558036.7926016
2025-01-11 02:13:56,793 [trainer.py] => All params: 463504
2025-01-11 02:13:56,793 [trainer.py] => Trainable params: 463504
2025-01-11 02:13:56,793 [icarl.py] => Learning on 0-10
2025-01-11 02:14:04,178 [icarl.py] => Loaded_Test_Acc:89.4 Cur_Test_Acc:89.4
2025-01-11 02:14:04,186 [base.py] => Reducing exemplars...(740 per classes)
2025-01-11 02:14:04,186 [base.py] => Constructing exemplars...(740 per classes)
2025-01-11 02:14:20,734 [icarl.py] => Exemplar size: 5000
2025-01-11 02:14:20,742 [trainer.py] => CNN: {'total': np.float64(89.4), '00-09': np.float64(89.4), 'old': 0, 'new': np.float64(89.4)}
2025-01-11 02:14:20,742 [trainer.py] => NME: {'total': np.float64(89.8), '00-09': np.float64(89.8), 'old': 0, 'new': np.float64(89.8)}
2025-01-11 02:14:20,742 [trainer.py] => CNN top1 curve: [np.float64(89.4)]
2025-01-11 02:14:20,742 [trainer.py] => CNN top5 curve: [np.float64(99.6)]
2025-01-11 02:14:20,742 [trainer.py] => NME top1 curve: [np.float64(89.8)]
2025-01-11 02:14:20,743 [trainer.py] => NME top5 curve: [np.float64(99.7)]

2025-01-11 02:14:20,743 [trainer.py] => All params: 464154
2025-01-11 02:14:20,744 [trainer.py] => Trainable params: 464154
2025-01-11 02:14:20,762 [icarl.py] => Learning on 10-20
2025-01-11 02:27:43,031 [icarl.py] => Task 1, Epoch 170/170 => Loss 0.817, Train_accy 99.58
2025-01-11 02:27:43,039 [base.py] => Reducing exemplars...(370 per classes)
2025-01-11 02:27:49,404 [base.py] => Constructing exemplars...(370 per classes)
2025-01-11 02:28:05,586 [icarl.py] => Exemplar size: 7400
2025-01-11 02:28:05,586 [trainer.py] => CNN: {'total': np.float64(80.15), '00-09': np.float64(83.9), '10-19': np.float64(76.4), 'old': np.float64(83.9), 'new': np.float64(76.4)}
2025-01-11 02:28:05,586 [trainer.py] => NME: {'total': np.float64(80.35), '00-09': np.float64(84.1), '10-19': np.float64(76.6), 'old': np.float64(84.1), 'new': np.float64(76.6)}
2025-01-11 02:28:05,586 [trainer.py] => CNN top1 curve: [np.float64(89.4), np.float64(80.15)]
2025-01-11 02:28:05,586 [trainer.py] => CNN top5 curve: [np.float64(99.6), np.float64(97.1)]
2025-01-11 02:28:05,586 [trainer.py] => NME top1 curve: [np.float64(89.8), np.float64(80.35)]
2025-01-11 02:28:05,586 [trainer.py] => NME top5 curve: [np.float64(99.7), np.float64(96.6)]

2025-01-11 02:28:05,586 [trainer.py] => All params: 464804
2025-01-11 02:28:05,587 [trainer.py] => Trainable params: 464804
2025-01-11 02:28:05,588 [icarl.py] => Learning on 20-30
2025-01-11 02:43:52,127 [icarl.py] => Task 2, Epoch 170/170 => Loss 0.909, Train_accy 99.78
2025-01-11 02:43:52,135 [base.py] => Reducing exemplars...(246 per classes)
2025-01-11 02:44:04,849 [base.py] => Constructing exemplars...(246 per classes)
2025-01-11 02:44:21,241 [icarl.py] => Exemplar size: 7380
2025-01-11 02:44:21,241 [trainer.py] => CNN: {'total': np.float64(78.7), '00-09': np.float64(82.5), '10-19': np.float64(71.9), '20-29': np.float64(81.7), 'old': np.float64(77.2), 'new': np.float64(81.7)}
2025-01-11 02:44:21,241 [trainer.py] => NME: {'total': np.float64(78.5), '00-09': np.float64(82.9), '10-19': np.float64(73.4), '20-29': np.float64(79.2), 'old': np.float64(78.15), 'new': np.float64(79.2)}
2025-01-11 02:44:21,241 [trainer.py] => CNN top1 curve: [np.float64(89.4), np.float64(80.15), np.float64(78.7)]
2025-01-11 02:44:21,241 [trainer.py] => CNN top5 curve: [np.float64(99.6), np.float64(97.1), np.float64(95.53)]
2025-01-11 02:44:21,241 [trainer.py] => NME top1 curve: [np.float64(89.8), np.float64(80.35), np.float64(78.5)]
2025-01-11 02:44:21,241 [trainer.py] => NME top5 curve: [np.float64(99.7), np.float64(96.6), np.float64(96.0)]

2025-01-11 02:44:21,242 [trainer.py] => All params: 465454
2025-01-11 02:44:21,242 [trainer.py] => Trainable params: 465454
2025-01-11 02:44:21,243 [icarl.py] => Learning on 30-40
2025-01-11 02:59:59,130 [icarl.py] => Task 3, Epoch 170/170 => Loss 1.180, Train_accy 99.76
2025-01-11 02:59:59,138 [base.py] => Reducing exemplars...(185 per classes)
2025-01-11 03:00:17,373 [base.py] => Constructing exemplars...(185 per classes)
2025-01-11 03:00:33,217 [icarl.py] => Exemplar size: 7400
2025-01-11 03:00:33,218 [trainer.py] => CNN: {'total': np.float64(74.95), '00-09': np.float64(77.6), '10-19': np.float64(66.9), '20-29': np.float64(75.9), '30-39': np.float64(79.4), 'old': np.float64(73.47), 'new': np.float64(79.4)}
2025-01-11 03:00:33,218 [trainer.py] => NME: {'total': np.float64(74.53), '00-09': np.float64(79.0), '10-19': np.float64(68.2), '20-29': np.float64(77.0), '30-39': np.float64(73.9), 'old': np.float64(74.73), 'new': np.float64(73.9)}
2025-01-11 03:00:33,218 [trainer.py] => CNN top1 curve: [np.float64(89.4), np.float64(80.15), np.float64(78.7), np.float64(74.95)]
2025-01-11 03:00:33,218 [trainer.py] => CNN top5 curve: [np.float64(99.6), np.float64(97.1), np.float64(95.53), np.float64(94.7)]
2025-01-11 03:00:33,218 [trainer.py] => NME top1 curve: [np.float64(89.8), np.float64(80.35), np.float64(78.5), np.float64(74.53)]
2025-01-11 03:00:33,218 [trainer.py] => NME top5 curve: [np.float64(99.7), np.float64(96.6), np.float64(96.0), np.float64(94.1)]

2025-01-11 03:00:33,218 [trainer.py] => All params: 466104
2025-01-11 03:00:33,219 [trainer.py] => Trainable params: 466104
2025-01-11 03:00:33,219 [icarl.py] => Learning on 40-50
2025-01-11 03:16:21,850 [icarl.py] => Task 4, Epoch 170/170 => Loss 1.301, Train_accy 99.81
2025-01-11 03:16:21,858 [base.py] => Reducing exemplars...(148 per classes)
2025-01-11 03:16:45,843 [base.py] => Constructing exemplars...(148 per classes)
2025-01-11 03:17:01,730 [icarl.py] => Exemplar size: 7400
2025-01-11 03:17:01,730 [trainer.py] => CNN: {'total': np.float64(72.32), '00-09': np.float64(74.6), '10-19': np.float64(60.1), '20-29': np.float64(72.3), '30-39': np.float64(69.6), '40-49': np.float64(85.0), 'old': np.float64(69.15), 'new': np.float64(85.0)}
2025-01-11 03:17:01,730 [trainer.py] => NME: {'total': np.float64(72.14), '00-09': np.float64(77.1), '10-19': np.float64(63.4), '20-29': np.float64(75.4), '30-39': np.float64(68.0), '40-49': np.float64(76.8), 'old': np.float64(70.97), 'new': np.float64(76.8)}
2025-01-11 03:17:01,731 [trainer.py] => CNN top1 curve: [np.float64(89.4), np.float64(80.15), np.float64(78.7), np.float64(74.95), np.float64(72.32)]
2025-01-11 03:17:01,731 [trainer.py] => CNN top5 curve: [np.float64(99.6), np.float64(97.1), np.float64(95.53), np.float64(94.7), np.float64(93.64)]
2025-01-11 03:17:01,731 [trainer.py] => NME top1 curve: [np.float64(89.8), np.float64(80.35), np.float64(78.5), np.float64(74.53), np.float64(72.14)]
2025-01-11 03:17:01,731 [trainer.py] => NME top5 curve: [np.float64(99.7), np.float64(96.6), np.float64(96.0), np.float64(94.1), np.float64(93.6)]

2025-01-11 03:17:01,731 [trainer.py] => All params: 466754
2025-01-11 03:17:01,731 [trainer.py] => Trainable params: 466754
2025-01-11 03:17:01,732 [icarl.py] => Learning on 50-60
2025-01-11 03:32:52,481 [icarl.py] => Task 5, Epoch 170/170 => Loss 1.498, Train_accy 99.73
2025-01-11 03:32:52,489 [base.py] => Reducing exemplars...(123 per classes)
2025-01-11 03:33:24,178 [base.py] => Constructing exemplars...(123 per classes)
2025-01-11 03:33:39,815 [icarl.py] => Exemplar size: 7380
2025-01-11 03:33:39,816 [trainer.py] => CNN: {'total': np.float64(68.12), '00-09': np.float64(68.1), '10-19': np.float64(56.8), '20-29': np.float64(68.5), '30-39': np.float64(63.6), '40-49': np.float64(72.6), '50-59': np.float64(79.1), 'old': np.float64(65.92), 'new': np.float64(79.1)}
2025-01-11 03:33:39,816 [trainer.py] => NME: {'total': np.float64(68.27), '00-09': np.float64(71.6), '10-19': np.float64(60.3), '20-29': np.float64(71.7), '30-39': np.float64(64.6), '40-49': np.float64(71.4), '50-59': np.float64(70.0), 'old': np.float64(67.92), 'new': np.float64(70.0)}
2025-01-11 03:33:39,816 [trainer.py] => CNN top1 curve: [np.float64(89.4), np.float64(80.15), np.float64(78.7), np.float64(74.95), np.float64(72.32), np.float64(68.12)]
2025-01-11 03:33:39,816 [trainer.py] => CNN top5 curve: [np.float64(99.6), np.float64(97.1), np.float64(95.53), np.float64(94.7), np.float64(93.64), np.float64(91.48)]
2025-01-11 03:33:39,816 [trainer.py] => NME top1 curve: [np.float64(89.8), np.float64(80.35), np.float64(78.5), np.float64(74.53), np.float64(72.14), np.float64(68.27)]
2025-01-11 03:33:39,816 [trainer.py] => NME top5 curve: [np.float64(99.7), np.float64(96.6), np.float64(96.0), np.float64(94.1), np.float64(93.6), np.float64(91.3)]

2025-01-11 03:33:39,816 [trainer.py] => All params: 467404
2025-01-11 03:33:39,817 [trainer.py] => Trainable params: 467404
2025-01-11 03:33:39,817 [icarl.py] => Learning on 60-70
2025-01-11 03:49:21,845 [icarl.py] => Task 6, Epoch 170/170 => Loss 1.566, Train_accy 99.85
2025-01-11 03:49:21,854 [base.py] => Reducing exemplars...(105 per classes)
2025-01-11 03:49:57,081 [base.py] => Constructing exemplars...(105 per classes)
2025-01-11 03:50:13,321 [icarl.py] => Exemplar size: 7350
2025-01-11 03:50:13,322 [trainer.py] => CNN: {'total': np.float64(66.51), '00-09': np.float64(67.6), '10-19': np.float64(53.4), '20-29': np.float64(68.6), '30-39': np.float64(58.3), '40-49': np.float64(69.4), '50-59': np.float64(63.3), '60-69': np.float64(85.0), 'old': np.float64(63.43), 'new': np.float64(85.0)}
2025-01-11 03:50:13,322 [trainer.py] => NME: {'total': np.float64(66.51), '00-09': np.float64(70.1), '10-19': np.float64(57.0), '20-29': np.float64(71.0), '30-39': np.float64(61.8), '40-49': np.float64(68.9), '50-59': np.float64(62.2), '60-69': np.float64(74.6), 'old': np.float64(65.17), 'new': np.float64(74.6)}
2025-01-11 03:50:13,322 [trainer.py] => CNN top1 curve: [np.float64(89.4), np.float64(80.15), np.float64(78.7), np.float64(74.95), np.float64(72.32), np.float64(68.12), np.float64(66.51)]
2025-01-11 03:50:13,322 [trainer.py] => CNN top5 curve: [np.float64(99.6), np.float64(97.1), np.float64(95.53), np.float64(94.7), np.float64(93.64), np.float64(91.48), np.float64(89.79)]
2025-01-11 03:50:13,322 [trainer.py] => NME top1 curve: [np.float64(89.8), np.float64(80.35), np.float64(78.5), np.float64(74.53), np.float64(72.14), np.float64(68.27), np.float64(66.51)]
2025-01-11 03:50:13,322 [trainer.py] => NME top5 curve: [np.float64(99.7), np.float64(96.6), np.float64(96.0), np.float64(94.1), np.float64(93.6), np.float64(91.3), np.float64(90.24)]

2025-01-11 03:50:13,322 [trainer.py] => All params: 468054
2025-01-11 03:50:13,323 [trainer.py] => Trainable params: 468054
2025-01-11 03:50:13,324 [icarl.py] => Learning on 70-80
2025-01-11 04:06:05,239 [icarl.py] => Task 7, Epoch 170/170 => Loss 1.628, Train_accy 99.65
2025-01-11 04:06:05,248 [base.py] => Reducing exemplars...(92 per classes)
2025-01-11 04:06:46,787 [base.py] => Constructing exemplars...(92 per classes)
2025-01-11 04:07:02,887 [icarl.py] => Exemplar size: 7360
2025-01-11 04:07:02,887 [trainer.py] => CNN: {'total': np.float64(61.85), '00-09': np.float64(61.5), '10-19': np.float64(50.2), '20-29': np.float64(65.0), '30-39': np.float64(54.5), '40-49': np.float64(61.7), '50-59': np.float64(53.4), '60-69': np.float64(71.2), '70-79': np.float64(77.3), 'old': np.float64(59.64), 'new': np.float64(77.3)}
2025-01-11 04:07:02,887 [trainer.py] => NME: {'total': np.float64(63.24), '00-09': np.float64(66.0), '10-19': np.float64(56.3), '20-29': np.float64(68.4), '30-39': np.float64(58.2), '40-49': np.float64(65.5), '50-59': np.float64(55.7), '60-69': np.float64(69.2), '70-79': np.float64(66.6), 'old': np.float64(62.76), 'new': np.float64(66.6)}
2025-01-11 04:07:02,887 [trainer.py] => CNN top1 curve: [np.float64(89.4), np.float64(80.15), np.float64(78.7), np.float64(74.95), np.float64(72.32), np.float64(68.12), np.float64(66.51), np.float64(61.85)]
2025-01-11 04:07:02,887 [trainer.py] => CNN top5 curve: [np.float64(99.6), np.float64(97.1), np.float64(95.53), np.float64(94.7), np.float64(93.64), np.float64(91.48), np.float64(89.79), np.float64(87.91)]
2025-01-11 04:07:02,887 [trainer.py] => NME top1 curve: [np.float64(89.8), np.float64(80.35), np.float64(78.5), np.float64(74.53), np.float64(72.14), np.float64(68.27), np.float64(66.51), np.float64(63.24)]
2025-01-11 04:07:02,887 [trainer.py] => NME top5 curve: [np.float64(99.7), np.float64(96.6), np.float64(96.0), np.float64(94.1), np.float64(93.6), np.float64(91.3), np.float64(90.24), np.float64(88.76)]

2025-01-11 04:07:02,888 [trainer.py] => All params: 468704
2025-01-11 04:07:02,888 [trainer.py] => Trainable params: 468704
2025-01-11 04:07:02,889 [icarl.py] => Learning on 80-90
2025-01-11 04:23:04,701 [icarl.py] => Task 8, Epoch 170/170 => Loss 1.752, Train_accy 99.74
2025-01-11 04:23:04,709 [base.py] => Reducing exemplars...(82 per classes)
2025-01-11 04:23:51,152 [base.py] => Constructing exemplars...(82 per classes)
2025-01-11 04:24:08,119 [icarl.py] => Exemplar size: 7380
2025-01-11 04:24:08,120 [trainer.py] => CNN: {'total': np.float64(59.88), '00-09': np.float64(59.0), '10-19': np.float64(46.1), '20-29': np.float64(59.5), '30-39': np.float64(52.3), '40-49': np.float64(60.1), '50-59': np.float64(51.9), '60-69': np.float64(63.9), '70-79': np.float64(63.2), '80-89': np.float64(82.9), 'old': np.float64(57.0), 'new': np.float64(82.9)}
2025-01-11 04:24:08,120 [trainer.py] => NME: {'total': np.float64(61.0), '00-09': np.float64(64.1), '10-19': np.float64(51.9), '20-29': np.float64(67.2), '30-39': np.float64(56.7), '40-49': np.float64(63.6), '50-59': np.float64(55.0), '60-69': np.float64(64.7), '70-79': np.float64(59.4), '80-89': np.float64(66.4), 'old': np.float64(60.32), 'new': np.float64(66.4)}
2025-01-11 04:24:08,120 [trainer.py] => CNN top1 curve: [np.float64(89.4), np.float64(80.15), np.float64(78.7), np.float64(74.95), np.float64(72.32), np.float64(68.12), np.float64(66.51), np.float64(61.85), np.float64(59.88)]
2025-01-11 04:24:08,120 [trainer.py] => CNN top5 curve: [np.float64(99.6), np.float64(97.1), np.float64(95.53), np.float64(94.7), np.float64(93.64), np.float64(91.48), np.float64(89.79), np.float64(87.91), np.float64(86.21)]
2025-01-11 04:24:08,120 [trainer.py] => NME top1 curve: [np.float64(89.8), np.float64(80.35), np.float64(78.5), np.float64(74.53), np.float64(72.14), np.float64(68.27), np.float64(66.51), np.float64(63.24), np.float64(61.0)]
2025-01-11 04:24:08,120 [trainer.py] => NME top5 curve: [np.float64(99.7), np.float64(96.6), np.float64(96.0), np.float64(94.1), np.float64(93.6), np.float64(91.3), np.float64(90.24), np.float64(88.76), np.float64(87.17)]

2025-01-11 04:24:08,121 [trainer.py] => All params: 469354
2025-01-11 04:24:08,121 [trainer.py] => Trainable params: 469354
2025-01-11 04:24:08,122 [icarl.py] => Learning on 90-100
2025-01-11 04:40:25,773 [icarl.py] => Task 9, Epoch 170/170 => Loss 1.890, Train_accy 99.75
2025-01-11 04:40:25,782 [base.py] => Reducing exemplars...(74 per classes)
2025-01-11 04:41:17,904 [base.py] => Constructing exemplars...(74 per classes)
2025-01-11 04:41:35,477 [icarl.py] => Exemplar size: 7400
2025-01-11 04:41:35,478 [trainer.py] => CNN: {'total': np.float64(58.12), '00-09': np.float64(56.7), '10-19': np.float64(44.8), '20-29': np.float64(58.6), '30-39': np.float64(49.9), '40-49': np.float64(58.4), '50-59': np.float64(49.4), '60-69': np.float64(61.3), '70-79': np.float64(54.7), '80-89': np.float64(69.1), '90-99': np.float64(78.3), 'old': np.float64(55.88), 'new': np.float64(78.3)}
2025-01-11 04:41:35,478 [trainer.py] => NME: {'total': np.float64(59.26), '00-09': np.float64(61.5), '10-19': np.float64(51.4), '20-29': np.float64(65.0), '30-39': np.float64(55.1), '40-49': np.float64(63.7), '50-59': np.float64(52.8), '60-69': np.float64(61.5), '70-79': np.float64(56.8), '80-89': np.float64(61.3), '90-99': np.float64(63.5), 'old': np.float64(58.79), 'new': np.float64(63.5)}
2025-01-11 04:41:35,478 [trainer.py] => CNN top1 curve: [np.float64(89.4), np.float64(80.15), np.float64(78.7), np.float64(74.95), np.float64(72.32), np.float64(68.12), np.float64(66.51), np.float64(61.85), np.float64(59.88), np.float64(58.12)]
2025-01-11 04:41:35,478 [trainer.py] => CNN top5 curve: [np.float64(99.6), np.float64(97.1), np.float64(95.53), np.float64(94.7), np.float64(93.64), np.float64(91.48), np.float64(89.79), np.float64(87.91), np.float64(86.21), np.float64(84.46)]
2025-01-11 04:41:35,478 [trainer.py] => NME top1 curve: [np.float64(89.8), np.float64(80.35), np.float64(78.5), np.float64(74.53), np.float64(72.14), np.float64(68.27), np.float64(66.51), np.float64(63.24), np.float64(61.0), np.float64(59.26)]
2025-01-11 04:41:35,478 [trainer.py] => NME top5 curve: [np.float64(99.7), np.float64(96.6), np.float64(96.0), np.float64(94.1), np.float64(93.6), np.float64(91.3), np.float64(90.24), np.float64(88.76), np.float64(87.17), np.float64(85.57)]

2025-01-11 04:41:35,478 [trainer.py] => End Time:1736566895.4786747
